3614406 brk(NULL)                       = 0x56f5f3731000
3614406 mmap(NULL, 8192, PROT_READ|PROT_WRITE, MAP_PRIVATE|MAP_ANONYMOUS, -1, 0) = 0x7cf07d94e000
3614406 mmap(NULL, 14529, PROT_READ, MAP_PRIVATE|MAP_DENYWRITE, 3, 0) = 0x7cf07d94a000
3614406 mmap(0x7cf07d94b000, 4096, PROT_READ|PROT_EXEC, MAP_PRIVATE|MAP_FIXED|MAP_DENYWRITE, 3, 0) = 0x7cf07d94b000
3614406 mmap(0x7cf07d94c000, 4096, PROT_READ|PROT_WRITE, MAP_PRIVATE|MAP_FIXED|MAP_DENYWRITE, 3, 0) = 0x7cf07d94c000
3614406 mmap(0x7cf07d94d000, 4096, PROT_READ|PROT_WRITE, MAP_PRIVATE|MAP_FIXED|MAP_DENYWRITE, 3, 0) = 0x7cf07d94d000
3614406 mmap(NULL, 14529, PROT_READ, MAP_PRIVATE|MAP_DENYWRITE, 3, 0) = 0x7cf07d946000
3614406 mmap(0x7cf07d947000, 4096, PROT_READ|PROT_EXEC, MAP_PRIVATE|MAP_FIXED|MAP_DENYWRITE, 3, 0) = 0x7cf07d947000
3614406 mmap(0x7cf07d948000, 4096, PROT_READ|PROT_WRITE, MAP_PRIVATE|MAP_FIXED|MAP_DENYWRITE, 3, 0) = 0x7cf07d948000
3614406 mmap(0x7cf07d949000, 4096, PROT_READ|PROT_WRITE, MAP_PRIVATE|MAP_FIXED|MAP_DENYWRITE, 3, 0) = 0x7cf07d949000
3614406 mmap(NULL, 14529, PROT_READ, MAP_PRIVATE|MAP_DENYWRITE, 3, 0) = 0x7cf07d942000
3614406 mmap(0x7cf07d943000, 4096, PROT_READ|PROT_EXEC, MAP_PRIVATE|MAP_FIXED|MAP_DENYWRITE, 3, 0) = 0x7cf07d943000
3614406 mmap(0x7cf07d944000, 4096, PROT_READ|PROT_WRITE, MAP_PRIVATE|MAP_FIXED|MAP_DENYWRITE, 3, 0) = 0x7cf07d944000
3614406 mmap(0x7cf07d945000, 4096, PROT_READ|PROT_WRITE, MAP_PRIVATE|MAP_FIXED|MAP_DENYWRITE, 3, 0) = 0x7cf07d945000
3614406 mmap(NULL, 144849224, PROT_READ, MAP_PRIVATE|MAP_DENYWRITE, 3, 0) = 0x7cf074e00000
3614406 mmap(0x7cf077d68000, 91525120, PROT_READ|PROT_EXEC, MAP_PRIVATE|MAP_FIXED|MAP_DENYWRITE, 3, 0x2f67000) = 0x7cf077d68000
3614406 mmap(0x7cf07d4b1000, 2826240, PROT_READ|PROT_WRITE, MAP_PRIVATE|MAP_FIXED|MAP_DENYWRITE, 3, 0x86af000) = 0x7cf07d4b1000
3614406 mmap(0x7cf07d763000, 61440, PROT_READ|PROT_WRITE, MAP_PRIVATE|MAP_FIXED|MAP_DENYWRITE, 3, 0x8960000) = 0x7cf07d763000
3614406 mmap(0x7cf07d772000, 727368, PROT_READ|PROT_WRITE, MAP_PRIVATE|MAP_FIXED|MAP_ANONYMOUS, -1, 0) = 0x7cf07d772000
3614406 mmap(NULL, 122865, PROT_READ, MAP_PRIVATE, 3, 0) = 0x7cf07d924000
3614406 mmap(NULL, 8192, PROT_READ|PROT_WRITE, MAP_PRIVATE|MAP_ANONYMOUS, -1, 0) = 0x7cf07d922000
3614406 mmap(NULL, 2231696, PROT_READ, MAP_PRIVATE|MAP_DENYWRITE, 3, 0) = 0x7cf074a00000
3614406 mmap(0x7cf074a28000, 1671168, PROT_READ|PROT_EXEC, MAP_PRIVATE|MAP_FIXED|MAP_DENYWRITE, 3, 0x28000) = 0x7cf074a28000
3614406 mmap(0x7cf074bc0000, 319488, PROT_READ, MAP_PRIVATE|MAP_FIXED|MAP_DENYWRITE, 3, 0x1c0000) = 0x7cf074bc0000
3614406 mmap(0x7cf074c0e000, 24576, PROT_READ|PROT_WRITE, MAP_PRIVATE|MAP_FIXED|MAP_DENYWRITE, 3, 0x20d000) = 0x7cf074c0e000
3614406 mmap(0x7cf074c14000, 52624, PROT_READ|PROT_WRITE, MAP_PRIVATE|MAP_FIXED|MAP_ANONYMOUS, -1, 0) = 0x7cf074c14000
3614406 mmap(NULL, 16400, PROT_READ, MAP_PRIVATE|MAP_DENYWRITE, 3, 0) = 0x7cf07d91d000
3614406 mmap(0x7cf07d91e000, 4096, PROT_READ|PROT_EXEC, MAP_PRIVATE|MAP_FIXED|MAP_DENYWRITE, 3, 0x1000) = 0x7cf07d91e000
3614406 mmap(0x7cf07d91f000, 4096, PROT_READ, MAP_PRIVATE|MAP_FIXED|MAP_DENYWRITE, 3, 0x2000) = 0x7cf07d91f000
3614406 mmap(0x7cf07d920000, 8192, PROT_READ|PROT_WRITE, MAP_PRIVATE|MAP_FIXED|MAP_DENYWRITE, 3, 0x2000) = 0x7cf07d920000
3614406 mmap(NULL, 16400, PROT_READ, MAP_PRIVATE|MAP_DENYWRITE, 3, 0) = 0x7cf07d918000
3614406 mmap(0x7cf07d919000, 4096, PROT_READ|PROT_EXEC, MAP_PRIVATE|MAP_FIXED|MAP_DENYWRITE, 3, 0x1000) = 0x7cf07d919000
3614406 mmap(0x7cf07d91a000, 4096, PROT_READ, MAP_PRIVATE|MAP_FIXED|MAP_DENYWRITE, 3, 0x2000) = 0x7cf07d91a000
3614406 mmap(0x7cf07d91b000, 8192, PROT_READ|PROT_WRITE, MAP_PRIVATE|MAP_FIXED|MAP_DENYWRITE, 3, 0x2000) = 0x7cf07d91b000
3614406 mmap(NULL, 1200152, PROT_READ, MAP_PRIVATE|MAP_DENYWRITE, 3, 0) = 0x7cf074cda000
3614406 mmap(0x7cf074cec000, 655360, PROT_READ|PROT_EXEC, MAP_PRIVATE|MAP_FIXED|MAP_DENYWRITE, 3, 0x12000) = 0x7cf074cec000
3614406 mmap(0x7cf074d8c000, 466944, PROT_READ, MAP_PRIVATE|MAP_FIXED|MAP_DENYWRITE, 3, 0xb2000) = 0x7cf074d8c000
3614406 mmap(0x7cf074dfe000, 8192, PROT_READ|PROT_WRITE, MAP_PRIVATE|MAP_FIXED|MAP_DENYWRITE, 3, 0x123000) = 0x7cf074dfe000
3614406 mmap(NULL, 16400, PROT_READ, MAP_PRIVATE|MAP_DENYWRITE, 3, 0) = 0x7cf07d913000
3614406 mmap(0x7cf07d914000, 4096, PROT_READ|PROT_EXEC, MAP_PRIVATE|MAP_FIXED|MAP_DENYWRITE, 3, 0x1000) = 0x7cf07d914000
3614406 mmap(0x7cf07d915000, 4096, PROT_READ, MAP_PRIVATE|MAP_FIXED|MAP_DENYWRITE, 3, 0x2000) = 0x7cf07d915000
3614406 mmap(0x7cf07d916000, 8192, PROT_READ|PROT_WRITE, MAP_PRIVATE|MAP_FIXED|MAP_DENYWRITE, 3, 0x2000) = 0x7cf07d916000
3614406 mmap(NULL, 8192, PROT_READ|PROT_WRITE, MAP_PRIVATE|MAP_ANONYMOUS, -1, 0) = 0x7cf07d911000
3614406 mmap(NULL, 12288, PROT_READ|PROT_WRITE, MAP_PRIVATE|MAP_ANONYMOUS, -1, 0) = 0x7cf07d90e000
3614406 mprotect(0x7cf074c0e000, 16384, PROT_READ) = 0
3614406 mprotect(0x7cf07d916000, 4096, PROT_READ) = 0
3614406 mprotect(0x7cf074dfe000, 4096, PROT_READ) = 0
3614406 mprotect(0x7cf07d91b000, 4096, PROT_READ) = 0
3614406 mprotect(0x7cf07d920000, 4096, PROT_READ) = 0
3614406 mprotect(0x7cf07d4b1000, 2826240, PROT_READ) = 0
3614406 mprotect(0x7cf07d944000, 4096, PROT_READ) = 0
3614406 mprotect(0x7cf07d948000, 4096, PROT_READ) = 0
3614406 mprotect(0x7cf07d94c000, 4096, PROT_READ) = 0
3614406 mprotect(0x56f5e1bcf000, 4096, PROT_READ) = 0
3614406 mprotect(0x7cf07d993000, 8192, PROT_READ) = 0
3614406 munmap(0x7cf07d924000, 122865)  = 0
3614406 brk(NULL)                       = 0x56f5f3731000
3614406 brk(0x56f5f3752000)             = 0x56f5f3752000
3614406 mmap(0x2df70000000, 1073741824, PROT_READ|PROT_WRITE, MAP_PRIVATE|MAP_ANONYMOUS|MAP_NORESERVE, -1, 0) = 0x2df70000000
3614406 mmap(NULL, 2368, PROT_READ|PROT_WRITE, MAP_SHARED|MAP_POPULATE, 4, 0) = 0x7cf07d941000
3614406 mmap(NULL, 4096, PROT_READ|PROT_WRITE, MAP_SHARED|MAP_POPULATE, 4, 0x10000000) = 0x7cf07d940000
3614406 mmap(NULL, 9280, PROT_READ|PROT_WRITE, MAP_SHARED|MAP_POPULATE, 5, 0) = 0x7cf07d93d000
3614406 mmap(NULL, 16384, PROT_READ|PROT_WRITE, MAP_SHARED|MAP_POPULATE, 5, 0x10000000) = 0x7cf07d939000
3614406 mmap(NULL, 1073745920, PROT_READ|PROT_WRITE, MAP_PRIVATE|MAP_ANONYMOUS|MAP_STACK, -1, 0) = 0x7cf0349ff000
3614406 clone3({flags=CLONE_VM|CLONE_FS|CLONE_FILES|CLONE_SIGHAND|CLONE_THREAD|CLONE_SYSVSEM|CLONE_SETTLS|CLONE_PARENT_SETTID|CLONE_CHILD_CLEARTID, child_tid=0x7cf0749ffce8, parent_tid=0x7cf0749ff990, exit_signal=0, stack=0x7cf0349ff000, stack_size=0x3ffffec0, tls=0x7cf0749ff6c0} => {parent_tid=[3614408]}, 88) = 3614408
3614408 mmap(NULL, 134217728, PROT_NONE, MAP_PRIVATE|MAP_ANONYMOUS, -1, 0) = 0x7cf02c800000
3614408 munmap(0x7cf02c800000, 58720256) = 0
3614408 munmap(0x7cf034000000, 8388608) = 0
3614408 mprotect(0x7cf030000000, 143360, PROT_READ|PROT_WRITE) = 0
3614406 brk(0x56f5f3774000)             = 0x56f5f3774000
3614406 brk(0x56f5f3755000)             = 0x56f5f3755000
3614406 mmap(NULL, 1073745920, PROT_READ|PROT_WRITE, MAP_PRIVATE|MAP_ANONYMOUS|MAP_STACK, -1, 0) = 0x7cefeffff000
3614406 clone3({flags=CLONE_VM|CLONE_FS|CLONE_FILES|CLONE_SIGHAND|CLONE_THREAD|CLONE_SYSVSEM|CLONE_SETTLS|CLONE_PARENT_SETTID|CLONE_CHILD_CLEARTID, child_tid=0x7cf02ffffce8, parent_tid=0x7cf02ffff990, exit_signal=0, stack=0x7cefeffff000, stack_size=0x3ffffec0, tls=0x7cf02ffff6c0} => {parent_tid=[3614409]}, 88) = 3614409
3614409 mmap(NULL, 134217728, PROT_NONE, MAP_PRIVATE|MAP_ANONYMOUS, -1, 0) = 0x7cefe7e00000
3614409 munmap(0x7cefe7e00000, 2097152) = 0
3614409 munmap(0x7cefec000000, 65011712) = 0
3614409 mprotect(0x7cefe8000000, 143360, PROT_READ|PROT_WRITE) = 0
3614409 mmap(NULL, 12288, PROT_READ|PROT_WRITE, MAP_PRIVATE|MAP_ANONYMOUS|MAP_NORESERVE, -1, 0) = 0x7cf07d936000
3614409 mmap(NULL, 1073745920, PROT_READ|PROT_WRITE, MAP_PRIVATE|MAP_ANONYMOUS|MAP_STACK, -1, 0) = -1 ENOMEM (Cannot allocate memory)
3614409 mmap(NULL, 1073745920, PROT_READ|PROT_WRITE, MAP_PRIVATE|MAP_ANONYMOUS|MAP_STACK, -1, 0) = -1 ENOMEM (Cannot allocate memory)
3614409 mmap(NULL, 1073745920, PROT_READ|PROT_WRITE, MAP_PRIVATE|MAP_ANONYMOUS|MAP_STACK, -1, 0) = -1 ENOMEM (Cannot allocate memory)
3614409 mmap(NULL, 1073745920, PROT_READ|PROT_WRITE, MAP_PRIVATE|MAP_ANONYMOUS|MAP_STACK, -1, 0) = -1 ENOMEM (Cannot allocate memory)
3614409 mmap(NULL, 1073745920, PROT_READ|PROT_WRITE, MAP_PRIVATE|MAP_ANONYMOUS|MAP_STACK, -1, 0) = -1 ENOMEM (Cannot allocate memory)
3614409 mmap(NULL, 1073745920, PROT_READ|PROT_WRITE, MAP_PRIVATE|MAP_ANONYMOUS|MAP_STACK, -1, 0) = -1 ENOMEM (Cannot allocate memory)
3614409 --- SIGABRT {si_signo=SIGABRT, si_code=SI_TKILL, si_pid=3614406, si_uid=1000} ---
3614409 +++ killed by SIGABRT (core dumped) +++
3614408 +++ killed by SIGABRT (core dumped) +++
3614406 +++ killed by SIGABRT (core dumped) +++
